  IO.cpp
F:\Projects\Sunlight\src\cores\IO.h(11,10): fatal  error C1083: Impossible d'ouvrir le fichier include : 'QString' : No such file or directory
  SunlightDetection.cpp
F:\Projects\Sunlight\src\cores\SunlightDetection.cpp(6,10): fatal  error C1083: Impossible d'ouvrir le fichier include : 'osgDB/fstream' : No such file or directory
  AABB.cpp
F:\Projects\Sunlight\src\maths\AABB.h(8,10): fatal  error C1083: Impossible d'ouvrir le fichier include : 'QString' : No such file or directory
  Hit.cpp
F:\Projects\Sunlight\src\maths\Triangle.h(8,10): fatal  error C1083: Impossible d'ouvrir le fichier include : 'libcitygml/citygml.hpp' : No such file or directory
  Quaternion.cpp
F:\Projects\Sunlight\src\maths\Quaternion.h(10,10): fatal  error C1083: Impossible d'ouvrir le fichier include : 'vcitycore_export.h' : No such file or directory
  Ray.cpp
F:\Projects\Sunlight\src\maths\Ray.h(8,10): fatal  error C1083: Impossible d'ouvrir le fichier include : 'osg/Camera' : No such file or directory
  RayBox.cpp
F:\Projects\Sunlight\src\maths\RayBox.cpp(9,10): fatal  error C1083: Impossible d'ouvrir le fichier include : 'ogrsf_frmts.h' : No such file or directory
  RayTracing.cpp
F:\Projects\Sunlight\src\maths\Ray.h(8,10): fatal  error C1083: Impossible d'ouvrir le fichier include : 'osg/Camera' : No such file or directory
  Triangle.cpp
F:\Projects\Sunlight\src\maths\Triangle.h(8,10): fatal  error C1083: Impossible d'ouvrir le fichier include : 'libcitygml/citygml.hpp' : No such file or directory
  TiledFilesLayout.cpp
F:\Projects\Sunlight\src\parsers\TiledFilesLayout.cpp(6,10): fatal  error C1083: Impossible d'ouvrir le fichier include : 'TiledFilesLayout.hpp' : No such file or directory
  DateTime.cpp
F:\Projects\Sunlight\src\utils\DateTime.h(9,10): fatal  error C1083: Impossible d'ouvrir le fichier include : 'QDateTime' : No such file or directory
  Log.cpp
F:\Projects\Sunlight\src\utils\Log.h(9,10): fatal  error C1083: Impossible d'ouvrir le fichier include : 'osgDB/fstream' : No such file or directory
